10:00:27.098 INFO  [background-preinit]org.hibernate.validator.internal.util.Version - HV000001: Hibernate Validator 8.0.2.Final
10:00:27.184 INFO  [main]com.example.quiz14.Quiz14Application - Starting Quiz14Application using Java 21.0.8 with PID 3008 (C:\Users\chang\Desktop\動態問卷後端\bin\main started by chang in C:\Users\chang\Desktop\動態問卷後端)
10:00:27.185 INFO  [main]com.example.quiz14.Quiz14Application - No active profile set, falling back to 1 default profile: "default"
10:00:28.644 INFO  [main]o.s.d.r.config.RepositoryConfigurationDelegate - Bootstrapping Spring Data JPA repositories in DEFAULT mode.
10:00:28.799 INFO  [main]o.s.d.r.config.RepositoryConfigurationDelegate - Finished Spring Data repository scanning in 135 ms. Found 4 JPA repository interfaces.
10:00:29.651 INFO  [main]o.s.boot.web.embedded.tomcat.TomcatWebServer - Tomcat initialized with port 8080 (http)
10:00:29.676 INFO  [main]org.apache.coyote.http11.Http11NioProtocol - Initializing ProtocolHandler ["http-nio-8080"]
10:00:29.678 INFO  [main]org.apache.catalina.core.StandardService - Starting service [Tomcat]
10:00:29.678 INFO  [main]org.apache.catalina.core.StandardEngine - Starting Servlet engine: [Apache Tomcat/10.1.40]
10:00:29.767 INFO  [main]o.a.c.core.ContainerBase.[Tomcat].[localhost].[/] - Initializing Spring embedded WebApplicationContext
10:00:29.769 INFO  [main]o.s.b.w.s.c.ServletWebServerApplicationContext - Root WebApplicationContext: initialization completed in 2508 ms
10:00:30.233 INFO  [main]org.hibernate.jpa.internal.util.LogHelper - HHH000204: Processing PersistenceUnitInfo [name: default]
10:00:30.416 INFO  [main]org.hibernate.Version - HHH000412: Hibernate ORM core version 6.6.13.Final
10:00:30.500 INFO  [main]o.hibernate.cache.internal.RegionFactoryInitiator - HHH000026: Second-level cache disabled
10:00:31.117 INFO  [main]o.s.o.j.persistenceunit.SpringPersistenceUnitInfo - No LoadTimeWeaver setup: ignoring JPA class transformer
10:00:31.168 INFO  [main]com.zaxxer.hikari.HikariDataSource - HikariPool-1 - Starting...
10:00:31.508 INFO  [main]com.zaxxer.hikari.pool.HikariPool - HikariPool-1 - Added connection com.mysql.cj.jdbc.ConnectionImpl@a0d875d
10:00:31.510 INFO  [main]com.zaxxer.hikari.HikariDataSource - HikariPool-1 - Start completed.
10:00:31.668 INFO  [main]org.hibernate.orm.connections.pooling - HHH10001005: Database info:
	Database JDBC URL [Connecting through datasource 'HikariDataSource (HikariPool-1)']
	Database driver: undefined/unknown
	Database version: 8.0.43
	Autocommit mode: undefined/unknown
	Isolation level: undefined/unknown
	Minimum pool size: undefined/unknown
	Maximum pool size: undefined/unknown
10:00:32.074 WARN  [main]org.hibernate.mapping.RootClass - HHH000038: Composite-id class does not override equals(): com.example.quiz14.entity.QuestionId
10:00:32.074 WARN  [main]org.hibernate.mapping.RootClass - HHH000039: Composite-id class does not override hashCode(): com.example.quiz14.entity.QuestionId
10:00:32.076 WARN  [main]org.hibernate.mapping.RootClass - HHH000038: Composite-id class does not override equals(): com.example.quiz14.entity.FeedbackId
10:00:32.076 WARN  [main]org.hibernate.mapping.RootClass - HHH000039: Composite-id class does not override hashCode(): com.example.quiz14.entity.FeedbackId
10:00:32.765 INFO  [main]o.h.e.t.jta.platform.internal.JtaPlatformInitiator - HHH000489: No JTA platform available (set 'hibernate.transaction.jta.platform' to enable JTA platform integration)
10:00:32.885 INFO  [main]o.s.orm.jpa.LocalContainerEntityManagerFactoryBean - Initialized JPA EntityManagerFactory for persistence unit 'default'
10:00:33.399 INFO  [main]o.s.data.jpa.repository.query.QueryEnhancerFactory - Hibernate is in classpath; If applicable, HQL parser will be used.
10:00:36.078 WARN  [main]o.s.b.a.o.j.JpaBaseConfiguration$JpaWebConfiguration - spring.jpa.open-in-view is enabled by default. Therefore, database queries may be performed during view rendering. Explicitly configure spring.jpa.open-in-view to disable this warning
10:00:37.164 INFO  [main]org.apache.coyote.http11.Http11NioProtocol - Starting ProtocolHandler ["http-nio-8080"]
10:00:37.211 INFO  [main]o.s.boot.web.embedded.tomcat.TomcatWebServer - Tomcat started on port 8080 (http) with context path '/'
10:00:37.230 INFO  [main]com.example.quiz14.Quiz14Application - Started Quiz14Application in 10.767 seconds (process running for 16.068)
10:00:43.228 INFO  [http-nio-8080-exec-2]o.a.c.core.ContainerBase.[Tomcat].[localhost].[/] - Initializing Spring DispatcherServlet 'dispatcherServlet'
10:00:43.228 INFO  [http-nio-8080-exec-2]org.springframework.web.servlet.DispatcherServlet - Initializing Servlet 'dispatcherServlet'
10:00:43.229 INFO  [http-nio-8080-exec-2]org.springframework.web.servlet.DispatcherServlet - Completed initialization in 1 ms
12:11:30.472 WARN  [HikariPool-1 housekeeper]com.zaxxer.hikari.pool.HikariPool - HikariPool-1 - Thread starvation or clock leap detected (housekeeper delta=7m56s834ms125µs300ns).
12:38:26.823 WARN  [HikariPool-1 housekeeper]com.zaxxer.hikari.pool.HikariPool - HikariPool-1 - Thread starvation or clock leap detected (housekeeper delta=25m54s229ms930µs900ns).
13:36:16.159 WARN  [HikariPool-1 housekeeper]com.zaxxer.hikari.pool.HikariPool - HikariPool-1 - Thread starvation or clock leap detected (housekeeper delta=47m49s167ms417µs400ns).
14:16:26.616 INFO  [background-preinit]org.hibernate.validator.internal.util.Version - HV000001: Hibernate Validator 8.0.2.Final
14:16:26.685 INFO  [main]com.example.quiz14.Quiz14Application - Starting Quiz14Application using Java 21.0.8 with PID 21804 (C:\Users\chang\Desktop\動態問卷後端\bin\main started by chang in C:\Users\chang\Desktop\動態問卷後端)
14:16:26.686 INFO  [main]com.example.quiz14.Quiz14Application - No active profile set, falling back to 1 default profile: "default"
14:16:27.857 INFO  [main]o.s.d.r.config.RepositoryConfigurationDelegate - Bootstrapping Spring Data JPA repositories in DEFAULT mode.
14:16:27.954 INFO  [main]o.s.d.r.config.RepositoryConfigurationDelegate - Finished Spring Data repository scanning in 68 ms. Found 4 JPA repository interfaces.
14:16:28.647 INFO  [main]o.s.boot.web.embedded.tomcat.TomcatWebServer - Tomcat initialized with port 8080 (http)
14:16:28.667 INFO  [main]org.apache.coyote.http11.Http11NioProtocol - Initializing ProtocolHandler ["http-nio-8080"]
14:16:28.670 INFO  [main]org.apache.catalina.core.StandardService - Starting service [Tomcat]
14:16:28.670 INFO  [main]org.apache.catalina.core.StandardEngine - Starting Servlet engine: [Apache Tomcat/10.1.40]
14:16:28.742 INFO  [main]o.a.c.core.ContainerBase.[Tomcat].[localhost].[/] - Initializing Spring embedded WebApplicationContext
14:16:28.742 INFO  [main]o.s.b.w.s.c.ServletWebServerApplicationContext - Root WebApplicationContext: initialization completed in 1995 ms
14:16:28.977 INFO  [main]org.hibernate.jpa.internal.util.LogHelper - HHH000204: Processing PersistenceUnitInfo [name: default]
14:16:29.103 INFO  [main]org.hibernate.Version - HHH000412: Hibernate ORM core version 6.6.13.Final
14:16:29.190 INFO  [main]o.hibernate.cache.internal.RegionFactoryInitiator - HHH000026: Second-level cache disabled
14:16:29.659 INFO  [main]o.s.o.j.persistenceunit.SpringPersistenceUnitInfo - No LoadTimeWeaver setup: ignoring JPA class transformer
14:16:29.725 INFO  [main]com.zaxxer.hikari.HikariDataSource - HikariPool-1 - Starting...
14:16:30.051 INFO  [main]com.zaxxer.hikari.pool.HikariPool - HikariPool-1 - Added connection com.mysql.cj.jdbc.ConnectionImpl@3ff8a3ad
14:16:30.054 INFO  [main]com.zaxxer.hikari.HikariDataSource - HikariPool-1 - Start completed.
14:16:30.174 INFO  [main]org.hibernate.orm.connections.pooling - HHH10001005: Database info:
	Database JDBC URL [Connecting through datasource 'HikariDataSource (HikariPool-1)']
	Database driver: undefined/unknown
	Database version: 8.0.43
	Autocommit mode: undefined/unknown
	Isolation level: undefined/unknown
	Minimum pool size: undefined/unknown
	Maximum pool size: undefined/unknown
14:16:30.558 WARN  [main]org.hibernate.mapping.RootClass - HHH000038: Composite-id class does not override equals(): com.example.quiz14.entity.QuestionId
14:16:30.558 WARN  [main]org.hibernate.mapping.RootClass - HHH000039: Composite-id class does not override hashCode(): com.example.quiz14.entity.QuestionId
14:16:30.559 WARN  [main]org.hibernate.mapping.RootClass - HHH000038: Composite-id class does not override equals(): com.example.quiz14.entity.FeedbackId
14:16:30.559 WARN  [main]org.hibernate.mapping.RootClass - HHH000039: Composite-id class does not override hashCode(): com.example.quiz14.entity.FeedbackId
14:16:31.205 INFO  [main]o.h.e.t.jta.platform.internal.JtaPlatformInitiator - HHH000489: No JTA platform available (set 'hibernate.transaction.jta.platform' to enable JTA platform integration)
14:16:31.321 INFO  [main]o.s.orm.jpa.LocalContainerEntityManagerFactoryBean - Initialized JPA EntityManagerFactory for persistence unit 'default'
14:16:31.765 INFO  [main]o.s.data.jpa.repository.query.QueryEnhancerFactory - Hibernate is in classpath; If applicable, HQL parser will be used.
14:16:33.362 WARN  [main]o.s.b.a.o.j.JpaBaseConfiguration$JpaWebConfiguration - spring.jpa.open-in-view is enabled by default. Therefore, database queries may be performed during view rendering. Explicitly configure spring.jpa.open-in-view to disable this warning
14:16:34.864 INFO  [main]org.apache.coyote.http11.Http11NioProtocol - Starting ProtocolHandler ["http-nio-8080"]
14:16:34.898 INFO  [main]o.s.boot.web.embedded.tomcat.TomcatWebServer - Tomcat started on port 8080 (http) with context path '/'
14:16:34.910 INFO  [main]com.example.quiz14.Quiz14Application - Started Quiz14Application in 8.857 seconds (process running for 13.096)
14:16:35.039 INFO  [http-nio-8080-exec-2]o.a.c.core.ContainerBase.[Tomcat].[localhost].[/] - Initializing Spring DispatcherServlet 'dispatcherServlet'
14:16:35.040 INFO  [http-nio-8080-exec-2]org.springframework.web.servlet.DispatcherServlet - Initializing Servlet 'dispatcherServlet'
14:16:35.043 INFO  [http-nio-8080-exec-2]org.springframework.web.servlet.DispatcherServlet - Completed initialization in 2 ms
15:37:02.390 INFO  [background-preinit]org.hibernate.validator.internal.util.Version - HV000001: Hibernate Validator 8.0.2.Final
15:37:02.482 INFO  [main]com.example.quiz14.Quiz14Application - Starting Quiz14Application using Java 21.0.8 with PID 6140 (C:\Users\chang\Desktop\動態問卷後端\bin\main started by chang in C:\Users\chang\Desktop\動態問卷後端)
15:37:02.483 INFO  [main]com.example.quiz14.Quiz14Application - No active profile set, falling back to 1 default profile: "default"
15:37:03.975 INFO  [main]o.s.d.r.config.RepositoryConfigurationDelegate - Bootstrapping Spring Data JPA repositories in DEFAULT mode.
15:37:04.118 INFO  [main]o.s.d.r.config.RepositoryConfigurationDelegate - Finished Spring Data repository scanning in 110 ms. Found 4 JPA repository interfaces.
15:37:05.023 INFO  [main]o.s.boot.web.embedded.tomcat.TomcatWebServer - Tomcat initialized with port 8080 (http)
15:37:05.042 INFO  [main]org.apache.coyote.http11.Http11NioProtocol - Initializing ProtocolHandler ["http-nio-8080"]
15:37:05.044 INFO  [main]org.apache.catalina.core.StandardService - Starting service [Tomcat]
15:37:05.045 INFO  [main]org.apache.catalina.core.StandardEngine - Starting Servlet engine: [Apache Tomcat/10.1.40]
15:37:05.130 INFO  [main]o.a.c.core.ContainerBase.[Tomcat].[localhost].[/] - Initializing Spring embedded WebApplicationContext
15:37:05.131 INFO  [main]o.s.b.w.s.c.ServletWebServerApplicationContext - Root WebApplicationContext: initialization completed in 2574 ms
15:37:05.445 INFO  [main]org.hibernate.jpa.internal.util.LogHelper - HHH000204: Processing PersistenceUnitInfo [name: default]
15:37:05.564 INFO  [main]org.hibernate.Version - HHH000412: Hibernate ORM core version 6.6.13.Final
15:37:05.632 INFO  [main]o.hibernate.cache.internal.RegionFactoryInitiator - HHH000026: Second-level cache disabled
15:37:06.096 INFO  [main]o.s.o.j.persistenceunit.SpringPersistenceUnitInfo - No LoadTimeWeaver setup: ignoring JPA class transformer
15:37:06.168 INFO  [main]com.zaxxer.hikari.HikariDataSource - HikariPool-1 - Starting...
15:37:06.524 INFO  [main]com.zaxxer.hikari.pool.HikariPool - HikariPool-1 - Added connection com.mysql.cj.jdbc.ConnectionImpl@401926df
15:37:06.528 INFO  [main]com.zaxxer.hikari.HikariDataSource - HikariPool-1 - Start completed.
15:37:06.711 INFO  [main]org.hibernate.orm.connections.pooling - HHH10001005: Database info:
	Database JDBC URL [Connecting through datasource 'HikariDataSource (HikariPool-1)']
	Database driver: undefined/unknown
	Database version: 8.0.43
	Autocommit mode: undefined/unknown
	Isolation level: undefined/unknown
	Minimum pool size: undefined/unknown
	Maximum pool size: undefined/unknown
15:37:07.117 WARN  [main]org.hibernate.mapping.RootClass - HHH000038: Composite-id class does not override equals(): com.example.quiz14.entity.QuestionId
15:37:07.117 WARN  [main]org.hibernate.mapping.RootClass - HHH000039: Composite-id class does not override hashCode(): com.example.quiz14.entity.QuestionId
15:37:07.118 WARN  [main]org.hibernate.mapping.RootClass - HHH000038: Composite-id class does not override equals(): com.example.quiz14.entity.FeedbackId
15:37:07.118 WARN  [main]org.hibernate.mapping.RootClass - HHH000039: Composite-id class does not override hashCode(): com.example.quiz14.entity.FeedbackId
15:37:08.180 INFO  [main]o.h.e.t.jta.platform.internal.JtaPlatformInitiator - HHH000489: No JTA platform available (set 'hibernate.transaction.jta.platform' to enable JTA platform integration)
15:37:08.344 INFO  [main]o.s.orm.jpa.LocalContainerEntityManagerFactoryBean - Initialized JPA EntityManagerFactory for persistence unit 'default'
15:37:09.179 INFO  [main]o.s.data.jpa.repository.query.QueryEnhancerFactory - Hibernate is in classpath; If applicable, HQL parser will be used.
15:37:11.230 WARN  [main]o.s.b.a.o.j.JpaBaseConfiguration$JpaWebConfiguration - spring.jpa.open-in-view is enabled by default. Therefore, database queries may be performed during view rendering. Explicitly configure spring.jpa.open-in-view to disable this warning
15:37:12.296 INFO  [main]org.apache.coyote.http11.Http11NioProtocol - Starting ProtocolHandler ["http-nio-8080"]
15:37:12.358 INFO  [main]o.s.boot.web.embedded.tomcat.TomcatWebServer - Tomcat started on port 8080 (http) with context path '/'
15:37:12.392 INFO  [main]com.example.quiz14.Quiz14Application - Started Quiz14Application in 10.88 seconds (process running for 11.521)
15:37:37.195 INFO  [http-nio-8080-exec-1]o.a.c.core.ContainerBase.[Tomcat].[localhost].[/] - Initializing Spring DispatcherServlet 'dispatcherServlet'
15:37:37.196 INFO  [http-nio-8080-exec-1]org.springframework.web.servlet.DispatcherServlet - Initializing Servlet 'dispatcherServlet'
15:37:37.200 INFO  [http-nio-8080-exec-1]org.springframework.web.servlet.DispatcherServlet - Completed initialization in 4 ms
15:41:02.851 INFO  [background-preinit]org.hibernate.validator.internal.util.Version - HV000001: Hibernate Validator 8.0.2.Final
15:41:02.944 INFO  [main]com.example.quiz14.Quiz14Application - Starting Quiz14Application using Java 21.0.8 with PID 25384 (C:\Users\chang\Desktop\動態問卷後端\bin\main started by chang in C:\Users\chang\Desktop\動態問卷後端)
15:41:02.948 INFO  [main]com.example.quiz14.Quiz14Application - No active profile set, falling back to 1 default profile: "default"
15:41:04.112 INFO  [main]o.s.d.r.config.RepositoryConfigurationDelegate - Bootstrapping Spring Data JPA repositories in DEFAULT mode.
15:41:04.207 INFO  [main]o.s.d.r.config.RepositoryConfigurationDelegate - Finished Spring Data repository scanning in 81 ms. Found 4 JPA repository interfaces.
15:41:04.865 INFO  [main]o.s.boot.web.embedded.tomcat.TomcatWebServer - Tomcat initialized with port 8080 (http)
15:41:04.881 INFO  [main]org.apache.coyote.http11.Http11NioProtocol - Initializing ProtocolHandler ["http-nio-8080"]
15:41:04.883 INFO  [main]org.apache.catalina.core.StandardService - Starting service [Tomcat]
15:41:04.883 INFO  [main]org.apache.catalina.core.StandardEngine - Starting Servlet engine: [Apache Tomcat/10.1.40]
15:41:04.976 INFO  [main]o.a.c.core.ContainerBase.[Tomcat].[localhost].[/] - Initializing Spring embedded WebApplicationContext
15:41:04.978 INFO  [main]o.s.b.w.s.c.ServletWebServerApplicationContext - Root WebApplicationContext: initialization completed in 1944 ms
15:41:05.215 INFO  [main]org.hibernate.jpa.internal.util.LogHelper - HHH000204: Processing PersistenceUnitInfo [name: default]
15:41:05.300 INFO  [main]org.hibernate.Version - HHH000412: Hibernate ORM core version 6.6.13.Final
15:41:05.351 INFO  [main]o.hibernate.cache.internal.RegionFactoryInitiator - HHH000026: Second-level cache disabled
15:41:05.686 INFO  [main]o.s.o.j.persistenceunit.SpringPersistenceUnitInfo - No LoadTimeWeaver setup: ignoring JPA class transformer
15:41:05.727 INFO  [main]com.zaxxer.hikari.HikariDataSource - HikariPool-1 - Starting...
15:41:05.966 INFO  [main]com.zaxxer.hikari.pool.HikariPool - HikariPool-1 - Added connection com.mysql.cj.jdbc.ConnectionImpl@77ba583
15:41:05.968 INFO  [main]com.zaxxer.hikari.HikariDataSource - HikariPool-1 - Start completed.
15:41:06.115 INFO  [main]org.hibernate.orm.connections.pooling - HHH10001005: Database info:
	Database JDBC URL [Connecting through datasource 'HikariDataSource (HikariPool-1)']
	Database driver: undefined/unknown
	Database version: 8.0.43
	Autocommit mode: undefined/unknown
	Isolation level: undefined/unknown
	Minimum pool size: undefined/unknown
	Maximum pool size: undefined/unknown
15:41:06.480 WARN  [main]org.hibernate.mapping.RootClass - HHH000038: Composite-id class does not override equals(): com.example.quiz14.entity.QuestionId
15:41:06.480 WARN  [main]org.hibernate.mapping.RootClass - HHH000039: Composite-id class does not override hashCode(): com.example.quiz14.entity.QuestionId
15:41:06.481 WARN  [main]org.hibernate.mapping.RootClass - HHH000038: Composite-id class does not override equals(): com.example.quiz14.entity.FeedbackId
15:41:06.481 WARN  [main]org.hibernate.mapping.RootClass - HHH000039: Composite-id class does not override hashCode(): com.example.quiz14.entity.FeedbackId
15:41:07.290 INFO  [main]o.h.e.t.jta.platform.internal.JtaPlatformInitiator - HHH000489: No JTA platform available (set 'hibernate.transaction.jta.platform' to enable JTA platform integration)
15:41:07.421 INFO  [main]o.s.orm.jpa.LocalContainerEntityManagerFactoryBean - Initialized JPA EntityManagerFactory for persistence unit 'default'
15:41:07.816 INFO  [main]o.s.data.jpa.repository.query.QueryEnhancerFactory - Hibernate is in classpath; If applicable, HQL parser will be used.
15:41:09.150 WARN  [main]o.s.b.a.o.j.JpaBaseConfiguration$JpaWebConfiguration - spring.jpa.open-in-view is enabled by default. Therefore, database queries may be performed during view rendering. Explicitly configure spring.jpa.open-in-view to disable this warning
15:41:09.862 INFO  [main]org.apache.coyote.http11.Http11NioProtocol - Starting ProtocolHandler ["http-nio-8080"]
15:41:09.909 INFO  [main]o.s.boot.web.embedded.tomcat.TomcatWebServer - Tomcat started on port 8080 (http) with context path '/'
15:41:09.932 INFO  [main]com.example.quiz14.Quiz14Application - Started Quiz14Application in 7.78 seconds (process running for 8.274)
15:41:19.397 INFO  [http-nio-8080-exec-2]o.a.c.core.ContainerBase.[Tomcat].[localhost].[/] - Initializing Spring DispatcherServlet 'dispatcherServlet'
15:41:19.398 INFO  [http-nio-8080-exec-2]org.springframework.web.servlet.DispatcherServlet - Initializing Servlet 'dispatcherServlet'
15:41:19.405 INFO  [http-nio-8080-exec-2]org.springframework.web.servlet.DispatcherServlet - Completed initialization in 5 ms
15:43:35.410 INFO  [background-preinit]org.hibernate.validator.internal.util.Version - HV000001: Hibernate Validator 8.0.2.Final
15:43:35.480 INFO  [main]com.example.quiz14.Quiz14Application - Starting Quiz14Application using Java 21.0.8 with PID 15864 (C:\Users\chang\Desktop\動態問卷後端\bin\main started by chang in C:\Users\chang\Desktop\動態問卷後端)
15:43:35.481 INFO  [main]com.example.quiz14.Quiz14Application - No active profile set, falling back to 1 default profile: "default"
15:43:36.594 INFO  [main]o.s.d.r.config.RepositoryConfigurationDelegate - Bootstrapping Spring Data JPA repositories in DEFAULT mode.
15:43:36.720 INFO  [main]o.s.d.r.config.RepositoryConfigurationDelegate - Finished Spring Data repository scanning in 106 ms. Found 4 JPA repository interfaces.
15:43:37.379 INFO  [main]o.s.boot.web.embedded.tomcat.TomcatWebServer - Tomcat initialized with port 8080 (http)
15:43:37.398 INFO  [main]org.apache.coyote.http11.Http11NioProtocol - Initializing ProtocolHandler ["http-nio-8080"]
15:43:37.403 INFO  [main]org.apache.catalina.core.StandardService - Starting service [Tomcat]
15:43:37.404 INFO  [main]org.apache.catalina.core.StandardEngine - Starting Servlet engine: [Apache Tomcat/10.1.40]
15:43:37.491 INFO  [main]o.a.c.core.ContainerBase.[Tomcat].[localhost].[/] - Initializing Spring embedded WebApplicationContext
15:43:37.492 INFO  [main]o.s.b.w.s.c.ServletWebServerApplicationContext - Root WebApplicationContext: initialization completed in 1953 ms
15:43:37.718 INFO  [main]org.hibernate.jpa.internal.util.LogHelper - HHH000204: Processing PersistenceUnitInfo [name: default]
15:43:37.797 INFO  [main]org.hibernate.Version - HHH000412: Hibernate ORM core version 6.6.13.Final
15:43:37.846 INFO  [main]o.hibernate.cache.internal.RegionFactoryInitiator - HHH000026: Second-level cache disabled
15:43:38.208 INFO  [main]o.s.o.j.persistenceunit.SpringPersistenceUnitInfo - No LoadTimeWeaver setup: ignoring JPA class transformer
15:43:38.258 INFO  [main]com.zaxxer.hikari.HikariDataSource - HikariPool-1 - Starting...
15:43:38.480 INFO  [main]com.zaxxer.hikari.pool.HikariPool - HikariPool-1 - Added connection com.mysql.cj.jdbc.ConnectionImpl@31b6b0c7
15:43:38.482 INFO  [main]com.zaxxer.hikari.HikariDataSource - HikariPool-1 - Start completed.
15:43:38.600 INFO  [main]org.hibernate.orm.connections.pooling - HHH10001005: Database info:
	Database JDBC URL [Connecting through datasource 'HikariDataSource (HikariPool-1)']
	Database driver: undefined/unknown
	Database version: 8.0.43
	Autocommit mode: undefined/unknown
	Isolation level: undefined/unknown
	Minimum pool size: undefined/unknown
	Maximum pool size: undefined/unknown
15:43:38.999 WARN  [main]org.hibernate.mapping.RootClass - HHH000038: Composite-id class does not override equals(): com.example.quiz14.entity.QuestionId
15:43:38.999 WARN  [main]org.hibernate.mapping.RootClass - HHH000039: Composite-id class does not override hashCode(): com.example.quiz14.entity.QuestionId
15:43:39.000 WARN  [main]org.hibernate.mapping.RootClass - HHH000038: Composite-id class does not override equals(): com.example.quiz14.entity.FeedbackId
15:43:39.002 WARN  [main]org.hibernate.mapping.RootClass - HHH000039: Composite-id class does not override hashCode(): com.example.quiz14.entity.FeedbackId
15:43:39.662 INFO  [main]o.h.e.t.jta.platform.internal.JtaPlatformInitiator - HHH000489: No JTA platform available (set 'hibernate.transaction.jta.platform' to enable JTA platform integration)
15:43:39.735 INFO  [main]o.s.orm.jpa.LocalContainerEntityManagerFactoryBean - Initialized JPA EntityManagerFactory for persistence unit 'default'
15:43:40.054 INFO  [main]o.s.data.jpa.repository.query.QueryEnhancerFactory - Hibernate is in classpath; If applicable, HQL parser will be used.
15:43:41.262 WARN  [main]o.s.b.a.o.j.JpaBaseConfiguration$JpaWebConfiguration - spring.jpa.open-in-view is enabled by default. Therefore, database queries may be performed during view rendering. Explicitly configure spring.jpa.open-in-view to disable this warning
15:43:41.850 INFO  [main]org.apache.coyote.http11.Http11NioProtocol - Starting ProtocolHandler ["http-nio-8080"]
15:43:41.893 INFO  [main]o.s.boot.web.embedded.tomcat.TomcatWebServer - Tomcat started on port 8080 (http) with context path '/'
15:43:41.907 INFO  [main]com.example.quiz14.Quiz14Application - Started Quiz14Application in 7.13 seconds (process running for 7.647)
15:43:47.586 INFO  [http-nio-8080-exec-2]o.a.c.core.ContainerBase.[Tomcat].[localhost].[/] - Initializing Spring DispatcherServlet 'dispatcherServlet'
15:43:47.587 INFO  [http-nio-8080-exec-2]org.springframework.web.servlet.DispatcherServlet - Initializing Servlet 'dispatcherServlet'
15:43:47.590 INFO  [http-nio-8080-exec-2]org.springframework.web.servlet.DispatcherServlet - Completed initialization in 2 ms
15:44:48.567 INFO  [background-preinit]org.hibernate.validator.internal.util.Version - HV000001: Hibernate Validator 8.0.2.Final
15:44:48.689 INFO  [main]com.example.quiz14.Quiz14Application - Starting Quiz14Application using Java 21.0.8 with PID 26220 (C:\Users\chang\Desktop\動態問卷後端\bin\main started by chang in C:\Users\chang\Desktop\動態問卷後端)
15:44:48.692 INFO  [main]com.example.quiz14.Quiz14Application - No active profile set, falling back to 1 default profile: "default"
15:44:50.441 INFO  [main]o.s.d.r.config.RepositoryConfigurationDelegate - Bootstrapping Spring Data JPA repositories in DEFAULT mode.
15:44:50.592 INFO  [main]o.s.d.r.config.RepositoryConfigurationDelegate - Finished Spring Data repository scanning in 133 ms. Found 4 JPA repository interfaces.
15:44:51.265 INFO  [main]o.s.boot.web.embedded.tomcat.TomcatWebServer - Tomcat initialized with port 8080 (http)
15:44:51.283 INFO  [main]org.apache.coyote.http11.Http11NioProtocol - Initializing ProtocolHandler ["http-nio-8080"]
15:44:51.285 INFO  [main]org.apache.catalina.core.StandardService - Starting service [Tomcat]
15:44:51.285 INFO  [main]org.apache.catalina.core.StandardEngine - Starting Servlet engine: [Apache Tomcat/10.1.40]
15:44:51.374 INFO  [main]o.a.c.core.ContainerBase.[Tomcat].[localhost].[/] - Initializing Spring embedded WebApplicationContext
15:44:51.374 INFO  [main]o.s.b.w.s.c.ServletWebServerApplicationContext - Root WebApplicationContext: initialization completed in 2532 ms
15:44:51.609 INFO  [main]org.hibernate.jpa.internal.util.LogHelper - HHH000204: Processing PersistenceUnitInfo [name: default]
15:44:51.702 INFO  [main]org.hibernate.Version - HHH000412: Hibernate ORM core version 6.6.13.Final
15:44:51.761 INFO  [main]o.hibernate.cache.internal.RegionFactoryInitiator - HHH000026: Second-level cache disabled
15:44:52.209 INFO  [main]o.s.o.j.persistenceunit.SpringPersistenceUnitInfo - No LoadTimeWeaver setup: ignoring JPA class transformer
15:44:52.270 INFO  [main]com.zaxxer.hikari.HikariDataSource - HikariPool-1 - Starting...
15:44:52.535 INFO  [main]com.zaxxer.hikari.pool.HikariPool - HikariPool-1 - Added connection com.mysql.cj.jdbc.ConnectionImpl@6253e59a
15:44:52.538 INFO  [main]com.zaxxer.hikari.HikariDataSource - HikariPool-1 - Start completed.
15:44:52.683 INFO  [main]org.hibernate.orm.connections.pooling - HHH10001005: Database info:
	Database JDBC URL [Connecting through datasource 'HikariDataSource (HikariPool-1)']
	Database driver: undefined/unknown
	Database version: 8.0.43
	Autocommit mode: undefined/unknown
	Isolation level: undefined/unknown
	Minimum pool size: undefined/unknown
	Maximum pool size: undefined/unknown
15:44:53.059 WARN  [main]org.hibernate.mapping.RootClass - HHH000038: Composite-id class does not override equals(): com.example.quiz14.entity.QuestionId
15:44:53.059 WARN  [main]org.hibernate.mapping.RootClass - HHH000039: Composite-id class does not override hashCode(): com.example.quiz14.entity.QuestionId
15:44:53.061 WARN  [main]org.hibernate.mapping.RootClass - HHH000038: Composite-id class does not override equals(): com.example.quiz14.entity.FeedbackId
15:44:53.061 WARN  [main]org.hibernate.mapping.RootClass - HHH000039: Composite-id class does not override hashCode(): com.example.quiz14.entity.FeedbackId
15:44:53.872 INFO  [main]o.h.e.t.jta.platform.internal.JtaPlatformInitiator - HHH000489: No JTA platform available (set 'hibernate.transaction.jta.platform' to enable JTA platform integration)
15:44:53.953 INFO  [main]o.s.orm.jpa.LocalContainerEntityManagerFactoryBean - Initialized JPA EntityManagerFactory for persistence unit 'default'
15:44:54.337 INFO  [main]o.s.data.jpa.repository.query.QueryEnhancerFactory - Hibernate is in classpath; If applicable, HQL parser will be used.
15:44:56.764 WARN  [main]o.s.b.a.o.j.JpaBaseConfiguration$JpaWebConfiguration - spring.jpa.open-in-view is enabled by default. Therefore, database queries may be performed during view rendering. Explicitly configure spring.jpa.open-in-view to disable this warning
15:44:58.183 INFO  [main]org.apache.coyote.http11.Http11NioProtocol - Starting ProtocolHandler ["http-nio-8080"]
15:44:58.245 INFO  [main]o.s.boot.web.embedded.tomcat.TomcatWebServer - Tomcat started on port 8080 (http) with context path '/'
15:44:58.270 INFO  [main]com.example.quiz14.Quiz14Application - Started Quiz14Application in 10.742 seconds (process running for 11.206)
15:44:58.668 INFO  [http-nio-8080-exec-1]o.a.c.core.ContainerBase.[Tomcat].[localhost].[/] - Initializing Spring DispatcherServlet 'dispatcherServlet'
15:44:58.669 INFO  [http-nio-8080-exec-1]org.springframework.web.servlet.DispatcherServlet - Initializing Servlet 'dispatcherServlet'
15:44:58.674 INFO  [http-nio-8080-exec-1]org.springframework.web.servlet.DispatcherServlet - Completed initialization in 4 ms
16:23:40.987 INFO  [background-preinit]org.hibernate.validator.internal.util.Version - HV000001: Hibernate Validator 8.0.2.Final
16:23:41.064 INFO  [main]com.example.quiz14.Quiz14Application - Starting Quiz14Application using Java 21.0.8 with PID 17832 (C:\Users\chang\Desktop\動態問卷後端\bin\main started by chang in C:\Users\chang\Desktop\動態問卷後端)
16:23:41.066 INFO  [main]com.example.quiz14.Quiz14Application - No active profile set, falling back to 1 default profile: "default"
16:23:42.306 INFO  [main]o.s.d.r.config.RepositoryConfigurationDelegate - Bootstrapping Spring Data JPA repositories in DEFAULT mode.
16:23:42.435 INFO  [main]o.s.d.r.config.RepositoryConfigurationDelegate - Finished Spring Data repository scanning in 107 ms. Found 4 JPA repository interfaces.
16:23:43.194 INFO  [main]o.s.boot.web.embedded.tomcat.TomcatWebServer - Tomcat initialized with port 8080 (http)
16:23:43.211 INFO  [main]org.apache.coyote.http11.Http11NioProtocol - Initializing ProtocolHandler ["http-nio-8080"]
16:23:43.213 INFO  [main]org.apache.catalina.core.StandardService - Starting service [Tomcat]
16:23:43.213 INFO  [main]org.apache.catalina.core.StandardEngine - Starting Servlet engine: [Apache Tomcat/10.1.40]
16:23:43.305 INFO  [main]o.a.c.core.ContainerBase.[Tomcat].[localhost].[/] - Initializing Spring embedded WebApplicationContext
16:23:43.305 INFO  [main]o.s.b.w.s.c.ServletWebServerApplicationContext - Root WebApplicationContext: initialization completed in 2181 ms
16:23:43.555 INFO  [main]org.hibernate.jpa.internal.util.LogHelper - HHH000204: Processing PersistenceUnitInfo [name: default]
16:23:43.647 INFO  [main]org.hibernate.Version - HHH000412: Hibernate ORM core version 6.6.13.Final
16:23:43.706 INFO  [main]o.hibernate.cache.internal.RegionFactoryInitiator - HHH000026: Second-level cache disabled
16:23:44.102 INFO  [main]o.s.o.j.persistenceunit.SpringPersistenceUnitInfo - No LoadTimeWeaver setup: ignoring JPA class transformer
16:23:44.162 INFO  [main]com.zaxxer.hikari.HikariDataSource - HikariPool-1 - Starting...
16:23:44.376 INFO  [main]com.zaxxer.hikari.pool.HikariPool - HikariPool-1 - Added connection com.mysql.cj.jdbc.ConnectionImpl@6253e59a
16:23:44.378 INFO  [main]com.zaxxer.hikari.HikariDataSource - HikariPool-1 - Start completed.
16:23:44.542 INFO  [main]org.hibernate.orm.connections.pooling - HHH10001005: Database info:
	Database JDBC URL [Connecting through datasource 'HikariDataSource (HikariPool-1)']
	Database driver: undefined/unknown
	Database version: 8.0.43
	Autocommit mode: undefined/unknown
	Isolation level: undefined/unknown
	Minimum pool size: undefined/unknown
	Maximum pool size: undefined/unknown
16:23:44.876 WARN  [main]org.hibernate.mapping.RootClass - HHH000038: Composite-id class does not override equals(): com.example.quiz14.entity.QuestionId
16:23:44.876 WARN  [main]org.hibernate.mapping.RootClass - HHH000039: Composite-id class does not override hashCode(): com.example.quiz14.entity.QuestionId
16:23:44.877 WARN  [main]org.hibernate.mapping.RootClass - HHH000038: Composite-id class does not override equals(): com.example.quiz14.entity.FeedbackId
16:23:44.877 WARN  [main]org.hibernate.mapping.RootClass - HHH000039: Composite-id class does not override hashCode(): com.example.quiz14.entity.FeedbackId
16:23:45.574 INFO  [main]o.h.e.t.jta.platform.internal.JtaPlatformInitiator - HHH000489: No JTA platform available (set 'hibernate.transaction.jta.platform' to enable JTA platform integration)
16:23:45.690 INFO  [main]o.s.orm.jpa.LocalContainerEntityManagerFactoryBean - Initialized JPA EntityManagerFactory for persistence unit 'default'
16:23:46.078 INFO  [main]o.s.data.jpa.repository.query.QueryEnhancerFactory - Hibernate is in classpath; If applicable, HQL parser will be used.
16:23:47.481 WARN  [main]o.s.b.a.o.j.JpaBaseConfiguration$JpaWebConfiguration - spring.jpa.open-in-view is enabled by default. Therefore, database queries may be performed during view rendering. Explicitly configure spring.jpa.open-in-view to disable this warning
16:23:48.105 INFO  [main]org.apache.coyote.http11.Http11NioProtocol - Starting ProtocolHandler ["http-nio-8080"]
16:23:48.137 INFO  [main]o.s.boot.web.embedded.tomcat.TomcatWebServer - Tomcat started on port 8080 (http) with context path '/'
16:23:48.151 INFO  [main]com.example.quiz14.Quiz14Application - Started Quiz14Application in 7.751 seconds (process running for 8.323)
16:23:57.540 INFO  [http-nio-8080-exec-1]o.a.c.core.ContainerBase.[Tomcat].[localhost].[/] - Initializing Spring DispatcherServlet 'dispatcherServlet'
16:23:57.540 INFO  [http-nio-8080-exec-1]org.springframework.web.servlet.DispatcherServlet - Initializing Servlet 'dispatcherServlet'
16:23:57.543 INFO  [http-nio-8080-exec-1]org.springframework.web.servlet.DispatcherServlet - Completed initialization in 3 ms
16:42:48.092 INFO  [background-preinit]org.hibernate.validator.internal.util.Version - HV000001: Hibernate Validator 8.0.2.Final
16:42:48.164 INFO  [main]com.example.quiz14.Quiz14Application - Starting Quiz14Application using Java 21.0.8 with PID 22588 (C:\Users\chang\Desktop\動態問卷後端\bin\main started by chang in C:\Users\chang\Desktop\動態問卷後端)
16:42:48.165 INFO  [main]com.example.quiz14.Quiz14Application - No active profile set, falling back to 1 default profile: "default"
16:42:49.564 INFO  [main]o.s.d.r.config.RepositoryConfigurationDelegate - Bootstrapping Spring Data JPA repositories in DEFAULT mode.
16:42:49.713 INFO  [main]o.s.d.r.config.RepositoryConfigurationDelegate - Finished Spring Data repository scanning in 116 ms. Found 4 JPA repository interfaces.
16:42:50.591 INFO  [main]o.s.boot.web.embedded.tomcat.TomcatWebServer - Tomcat initialized with port 8080 (http)
16:42:50.611 INFO  [main]org.apache.coyote.http11.Http11NioProtocol - Initializing ProtocolHandler ["http-nio-8080"]
16:42:50.613 INFO  [main]org.apache.catalina.core.StandardService - Starting service [Tomcat]
16:42:50.615 INFO  [main]org.apache.catalina.core.StandardEngine - Starting Servlet engine: [Apache Tomcat/10.1.40]
16:42:50.710 INFO  [main]o.a.c.core.ContainerBase.[Tomcat].[localhost].[/] - Initializing Spring embedded WebApplicationContext
16:42:50.710 INFO  [main]o.s.b.w.s.c.ServletWebServerApplicationContext - Root WebApplicationContext: initialization completed in 2481 ms
16:42:50.991 INFO  [main]org.hibernate.jpa.internal.util.LogHelper - HHH000204: Processing PersistenceUnitInfo [name: default]
16:42:51.115 INFO  [main]org.hibernate.Version - HHH000412: Hibernate ORM core version 6.6.13.Final
16:42:51.176 INFO  [main]o.hibernate.cache.internal.RegionFactoryInitiator - HHH000026: Second-level cache disabled
16:42:51.695 INFO  [main]o.s.o.j.persistenceunit.SpringPersistenceUnitInfo - No LoadTimeWeaver setup: ignoring JPA class transformer
16:42:51.761 INFO  [main]com.zaxxer.hikari.HikariDataSource - HikariPool-1 - Starting...
16:42:52.086 INFO  [main]com.zaxxer.hikari.pool.HikariPool - HikariPool-1 - Added connection com.mysql.cj.jdbc.ConnectionImpl@550fa96f
16:42:52.090 INFO  [main]com.zaxxer.hikari.HikariDataSource - HikariPool-1 - Start completed.
16:42:52.262 INFO  [main]org.hibernate.orm.connections.pooling - HHH10001005: Database info:
	Database JDBC URL [Connecting through datasource 'HikariDataSource (HikariPool-1)']
	Database driver: undefined/unknown
	Database version: 8.0.43
	Autocommit mode: undefined/unknown
	Isolation level: undefined/unknown
	Minimum pool size: undefined/unknown
	Maximum pool size: undefined/unknown
16:42:52.648 WARN  [main]org.hibernate.mapping.RootClass - HHH000038: Composite-id class does not override equals(): com.example.quiz14.entity.QuestionId
16:42:52.648 WARN  [main]org.hibernate.mapping.RootClass - HHH000039: Composite-id class does not override hashCode(): com.example.quiz14.entity.QuestionId
16:42:52.649 WARN  [main]org.hibernate.mapping.RootClass - HHH000038: Composite-id class does not override equals(): com.example.quiz14.entity.FeedbackId
16:42:52.649 WARN  [main]org.hibernate.mapping.RootClass - HHH000039: Composite-id class does not override hashCode(): com.example.quiz14.entity.FeedbackId
16:42:53.516 INFO  [main]o.h.e.t.jta.platform.internal.JtaPlatformInitiator - HHH000489: No JTA platform available (set 'hibernate.transaction.jta.platform' to enable JTA platform integration)
16:42:53.653 INFO  [main]o.s.orm.jpa.LocalContainerEntityManagerFactoryBean - Initialized JPA EntityManagerFactory for persistence unit 'default'
16:42:54.129 INFO  [main]o.s.data.jpa.repository.query.QueryEnhancerFactory - Hibernate is in classpath; If applicable, HQL parser will be used.
16:42:55.648 WARN  [main]o.s.b.a.o.j.JpaBaseConfiguration$JpaWebConfiguration - spring.jpa.open-in-view is enabled by default. Therefore, database queries may be performed during view rendering. Explicitly configure spring.jpa.open-in-view to disable this warning
16:42:56.261 INFO  [main]org.apache.coyote.http11.Http11NioProtocol - Starting ProtocolHandler ["http-nio-8080"]
16:42:56.295 INFO  [main]o.s.boot.web.embedded.tomcat.TomcatWebServer - Tomcat started on port 8080 (http) with context path '/'
16:42:56.306 INFO  [main]com.example.quiz14.Quiz14Application - Started Quiz14Application in 8.985 seconds (process running for 9.597)
16:43:22.384 INFO  [http-nio-8080-exec-2]o.a.c.core.ContainerBase.[Tomcat].[localhost].[/] - Initializing Spring DispatcherServlet 'dispatcherServlet'
16:43:22.385 INFO  [http-nio-8080-exec-2]org.springframework.web.servlet.DispatcherServlet - Initializing Servlet 'dispatcherServlet'
16:43:22.387 INFO  [http-nio-8080-exec-2]org.springframework.web.servlet.DispatcherServlet - Completed initialization in 2 ms
17:20:53.882 INFO  [background-preinit]org.hibernate.validator.internal.util.Version - HV000001: Hibernate Validator 8.0.2.Final
17:20:53.944 INFO  [main]com.example.quiz14.Quiz14Application - Starting Quiz14Application using Java 21.0.8 with PID 11112 (C:\Users\chang\Desktop\動態問卷後端\bin\main started by chang in C:\Users\chang\Desktop\動態問卷後端)
17:20:53.945 INFO  [main]com.example.quiz14.Quiz14Application - No active profile set, falling back to 1 default profile: "default"
17:20:55.283 INFO  [main]o.s.d.r.config.RepositoryConfigurationDelegate - Bootstrapping Spring Data JPA repositories in DEFAULT mode.
17:20:55.434 INFO  [main]o.s.d.r.config.RepositoryConfigurationDelegate - Finished Spring Data repository scanning in 133 ms. Found 4 JPA repository interfaces.
17:20:56.516 INFO  [main]o.s.boot.web.embedded.tomcat.TomcatWebServer - Tomcat initialized with port 8080 (http)
17:20:56.534 INFO  [main]org.apache.coyote.http11.Http11NioProtocol - Initializing ProtocolHandler ["http-nio-8080"]
17:20:56.536 INFO  [main]org.apache.catalina.core.StandardService - Starting service [Tomcat]
17:20:56.536 INFO  [main]org.apache.catalina.core.StandardEngine - Starting Servlet engine: [Apache Tomcat/10.1.40]
17:20:56.619 INFO  [main]o.a.c.core.ContainerBase.[Tomcat].[localhost].[/] - Initializing Spring embedded WebApplicationContext
17:20:56.619 INFO  [main]o.s.b.w.s.c.ServletWebServerApplicationContext - Root WebApplicationContext: initialization completed in 2623 ms
17:20:56.927 INFO  [main]org.hibernate.jpa.internal.util.LogHelper - HHH000204: Processing PersistenceUnitInfo [name: default]
17:20:57.038 INFO  [main]org.hibernate.Version - HHH000412: Hibernate ORM core version 6.6.13.Final
17:20:57.097 INFO  [main]o.hibernate.cache.internal.RegionFactoryInitiator - HHH000026: Second-level cache disabled
17:20:57.497 INFO  [main]o.s.o.j.persistenceunit.SpringPersistenceUnitInfo - No LoadTimeWeaver setup: ignoring JPA class transformer
17:20:57.529 INFO  [main]com.zaxxer.hikari.HikariDataSource - HikariPool-1 - Starting...
17:20:57.765 INFO  [main]com.zaxxer.hikari.pool.HikariPool - HikariPool-1 - Added connection com.mysql.cj.jdbc.ConnectionImpl@31b6b0c7
17:20:57.768 INFO  [main]com.zaxxer.hikari.HikariDataSource - HikariPool-1 - Start completed.
17:20:57.901 INFO  [main]org.hibernate.orm.connections.pooling - HHH10001005: Database info:
	Database JDBC URL [Connecting through datasource 'HikariDataSource (HikariPool-1)']
	Database driver: undefined/unknown
	Database version: 8.0.43
	Autocommit mode: undefined/unknown
	Isolation level: undefined/unknown
	Minimum pool size: undefined/unknown
	Maximum pool size: undefined/unknown
17:20:58.187 WARN  [main]org.hibernate.mapping.RootClass - HHH000038: Composite-id class does not override equals(): com.example.quiz14.entity.QuestionId
17:20:58.188 WARN  [main]org.hibernate.mapping.RootClass - HHH000039: Composite-id class does not override hashCode(): com.example.quiz14.entity.QuestionId
17:20:58.188 WARN  [main]org.hibernate.mapping.RootClass - HHH000038: Composite-id class does not override equals(): com.example.quiz14.entity.FeedbackId
17:20:58.188 WARN  [main]org.hibernate.mapping.RootClass - HHH000039: Composite-id class does not override hashCode(): com.example.quiz14.entity.FeedbackId
17:20:58.703 INFO  [main]o.h.e.t.jta.platform.internal.JtaPlatformInitiator - HHH000489: No JTA platform available (set 'hibernate.transaction.jta.platform' to enable JTA platform integration)
17:20:58.781 INFO  [main]o.s.orm.jpa.LocalContainerEntityManagerFactoryBean - Initialized JPA EntityManagerFactory for persistence unit 'default'
17:20:59.093 INFO  [main]o.s.data.jpa.repository.query.QueryEnhancerFactory - Hibernate is in classpath; If applicable, HQL parser will be used.
17:21:00.593 WARN  [main]o.s.b.a.o.j.JpaBaseConfiguration$JpaWebConfiguration - spring.jpa.open-in-view is enabled by default. Therefore, database queries may be performed during view rendering. Explicitly configure spring.jpa.open-in-view to disable this warning
17:21:01.294 INFO  [main]org.apache.coyote.http11.Http11NioProtocol - Starting ProtocolHandler ["http-nio-8080"]
17:21:01.348 INFO  [main]o.s.boot.web.embedded.tomcat.TomcatWebServer - Tomcat started on port 8080 (http) with context path '/'
17:21:01.363 INFO  [main]com.example.quiz14.Quiz14Application - Started Quiz14Application in 7.942 seconds (process running for 8.386)
17:21:55.066 INFO  [http-nio-8080-exec-1]o.a.c.core.ContainerBase.[Tomcat].[localhost].[/] - Initializing Spring DispatcherServlet 'dispatcherServlet'
17:21:55.067 INFO  [http-nio-8080-exec-1]org.springframework.web.servlet.DispatcherServlet - Initializing Servlet 'dispatcherServlet'
17:21:55.069 INFO  [http-nio-8080-exec-1]org.springframework.web.servlet.DispatcherServlet - Completed initialization in 2 ms
17:26:53.968 INFO  [background-preinit]org.hibernate.validator.internal.util.Version - HV000001: Hibernate Validator 8.0.2.Final
17:26:54.057 INFO  [main]com.example.quiz14.Quiz14Application - Starting Quiz14Application using Java 21.0.8 with PID 18240 (C:\Users\chang\Desktop\動態問卷後端\bin\main started by chang in C:\Users\chang\Desktop\動態問卷後端)
17:26:54.059 INFO  [main]com.example.quiz14.Quiz14Application - No active profile set, falling back to 1 default profile: "default"
17:26:55.372 INFO  [main]o.s.d.r.config.RepositoryConfigurationDelegate - Bootstrapping Spring Data JPA repositories in DEFAULT mode.
17:26:55.450 INFO  [main]o.s.d.r.config.RepositoryConfigurationDelegate - Finished Spring Data repository scanning in 61 ms. Found 4 JPA repository interfaces.
17:26:56.229 INFO  [main]o.s.boot.web.embedded.tomcat.TomcatWebServer - Tomcat initialized with port 8080 (http)
17:26:56.242 INFO  [main]org.apache.coyote.http11.Http11NioProtocol - Initializing ProtocolHandler ["http-nio-8080"]
17:26:56.245 INFO  [main]org.apache.catalina.core.StandardService - Starting service [Tomcat]
17:26:56.245 INFO  [main]org.apache.catalina.core.StandardEngine - Starting Servlet engine: [Apache Tomcat/10.1.40]
17:26:56.317 INFO  [main]o.a.c.core.ContainerBase.[Tomcat].[localhost].[/] - Initializing Spring embedded WebApplicationContext
17:26:56.318 INFO  [main]o.s.b.w.s.c.ServletWebServerApplicationContext - Root WebApplicationContext: initialization completed in 2193 ms
17:26:56.567 INFO  [main]org.hibernate.jpa.internal.util.LogHelper - HHH000204: Processing PersistenceUnitInfo [name: default]
17:26:56.671 INFO  [main]org.hibernate.Version - HHH000412: Hibernate ORM core version 6.6.13.Final
17:26:56.735 INFO  [main]o.hibernate.cache.internal.RegionFactoryInitiator - HHH000026: Second-level cache disabled
17:26:57.120 INFO  [main]o.s.o.j.persistenceunit.SpringPersistenceUnitInfo - No LoadTimeWeaver setup: ignoring JPA class transformer
17:26:57.182 INFO  [main]com.zaxxer.hikari.HikariDataSource - HikariPool-1 - Starting...
17:26:57.430 INFO  [main]com.zaxxer.hikari.pool.HikariPool - HikariPool-1 - Added connection com.mysql.cj.jdbc.ConnectionImpl@550fa96f
17:26:57.432 INFO  [main]com.zaxxer.hikari.HikariDataSource - HikariPool-1 - Start completed.
17:26:57.548 INFO  [main]org.hibernate.orm.connections.pooling - HHH10001005: Database info:
	Database JDBC URL [Connecting through datasource 'HikariDataSource (HikariPool-1)']
	Database driver: undefined/unknown
	Database version: 8.0.43
	Autocommit mode: undefined/unknown
	Isolation level: undefined/unknown
	Minimum pool size: undefined/unknown
	Maximum pool size: undefined/unknown
17:26:57.954 WARN  [main]org.hibernate.mapping.RootClass - HHH000038: Composite-id class does not override equals(): com.example.quiz14.entity.QuestionId
17:26:57.954 WARN  [main]org.hibernate.mapping.RootClass - HHH000039: Composite-id class does not override hashCode(): com.example.quiz14.entity.QuestionId
17:26:57.954 WARN  [main]org.hibernate.mapping.RootClass - HHH000038: Composite-id class does not override equals(): com.example.quiz14.entity.FeedbackId
17:26:57.954 WARN  [main]org.hibernate.mapping.RootClass - HHH000039: Composite-id class does not override hashCode(): com.example.quiz14.entity.FeedbackId
17:26:58.483 INFO  [main]o.h.e.t.jta.platform.internal.JtaPlatformInitiator - HHH000489: No JTA platform available (set 'hibernate.transaction.jta.platform' to enable JTA platform integration)
17:26:58.567 INFO  [main]o.s.orm.jpa.LocalContainerEntityManagerFactoryBean - Initialized JPA EntityManagerFactory for persistence unit 'default'
17:26:58.909 INFO  [main]o.s.data.jpa.repository.query.QueryEnhancerFactory - Hibernate is in classpath; If applicable, HQL parser will be used.
17:27:00.140 WARN  [main]o.s.b.a.o.j.JpaBaseConfiguration$JpaWebConfiguration - spring.jpa.open-in-view is enabled by default. Therefore, database queries may be performed during view rendering. Explicitly configure spring.jpa.open-in-view to disable this warning
17:27:00.788 INFO  [main]org.apache.coyote.http11.Http11NioProtocol - Starting ProtocolHandler ["http-nio-8080"]
17:27:00.818 INFO  [main]o.s.boot.web.embedded.tomcat.TomcatWebServer - Tomcat started on port 8080 (http) with context path '/'
17:27:00.828 INFO  [main]com.example.quiz14.Quiz14Application - Started Quiz14Application in 7.41 seconds (process running for 7.954)
17:27:12.667 INFO  [http-nio-8080-exec-1]o.a.c.core.ContainerBase.[Tomcat].[localhost].[/] - Initializing Spring DispatcherServlet 'dispatcherServlet'
17:27:12.668 INFO  [http-nio-8080-exec-1]org.springframework.web.servlet.DispatcherServlet - Initializing Servlet 'dispatcherServlet'
17:27:12.671 INFO  [http-nio-8080-exec-1]org.springframework.web.servlet.DispatcherServlet - Completed initialization in 3 ms
